Building DAG of jobs...
Using shell: /bin/bash
Provided cores: 1 (use --cores to define parallelism)
Rules claiming more threads will be scaled down.
Job counts:
	count	jobs
	1	all
	1	make_minimap2_index
	1	minimap2_alignment
	3
Select jobs to execute...

[Fri Jun 11 14:57:39 2021]
rule make_minimap2_index:
    input: /home/daruibio/test77/Database/references/homo_sapiens/hg38.fa
    output: test.out
    jobid: 2

[Fri Jun 11 14:57:39 2021]
Finished job 2.
1 of 3 steps (33%) done
Select jobs to execute...

[Fri Jun 11 14:57:39 2021]
rule minimap2_alignment:
    input: test.out
    output: test2.out
    jobid: 1

[Fri Jun 11 14:57:39 2021]
Finished job 1.
2 of 3 steps (67%) done
Select jobs to execute...

[Fri Jun 11 14:57:39 2021]
localrule all:
    input: test2.out
    jobid: 0

[Fri Jun 11 14:57:39 2021]
Finished job 0.
3 of 3 steps (100%) done
Complete log: /home/daruibio/test77/Software/Kscripts/SV_snakemake_pipe/.snakemake/log/2021-06-11T145739.101097.snakemake.log
