Building DAG of jobs...
Using shell: /bin/bash
Provided cores: 16
Rules claiming more threads will be scaled down.
Job counts:
	count	jobs
	1	all
	1	merge_SVs
	1	run_cuteSV
	1	run_svim
	4
Select jobs to execute...

[Wed Jun 16 17:24:18 2021]
rule run_cuteSV:
    input: /home/daruibio/test77/Software/Kscripts/SV_snakemake_pipe/data/test.minimap2.bam, /home/daruibio/test77/Database/references/homo_sapiens/hg38.fa
    output: /home/daruibio/test77/Software/Kscripts/SV_snakemake_pipe/data/test.cutesv.vcf, /home/daruibio/test77/Software/Kscripts/SV_snakemake_pipe/data/test_cutesv_calls
    log: /home/daruibio/test77/Software/Kscripts/SV_snakemake_pipe/data/log/test.cutesv.log
    jobid: 5
    benchmark: /home/daruibio/test77/Software/Kscripts/SV_snakemake_pipe/data/benchmark/test.cutesv.tsv
    wildcards: workdir=/home/daruibio/test77/Software/Kscripts/SV_snakemake_pipe/data, sample=test
    threads: 16

[Wed Jun 16 17:24:19 2021]
Error in rule run_cuteSV:
    jobid: 5
    output: /home/daruibio/test77/Software/Kscripts/SV_snakemake_pipe/data/test.cutesv.vcf, /home/daruibio/test77/Software/Kscripts/SV_snakemake_pipe/data/test_cutesv_calls
    log: /home/daruibio/test77/Software/Kscripts/SV_snakemake_pipe/data/log/test.cutesv.log (check log file(s) for error message)
    shell:
        cuteSV -t 16 --min_size 50 --max_size 100000 --retain_work_dir         --report_readid --min_support 1 --genotype         --max_cluster_bias_INS 100 --diff_ratio_merging_INS 0.3         --max_cluster_bias_DEL 100 --diff_ratio_merging_DEL 0.3 /home/daruibio/test77/Software/Kscripts/SV_snakemake_pipe/data/test.minimap2.bam /home/daruibio/test77/Database/references/homo_sapiens/hg38.fa /home/daruibio/test77/Software/Kscripts/SV_snakemake_pipe/data/test.cutesv.vcf /home/daruibio/test77/Software/Kscripts/SV_snakemake_pipe/data/test_cutesv_calls 2> /home/daruibio/test77/Software/Kscripts/SV_snakemake_pipe/data/log/test.cutesv.log
        (one of the commands exited with non-zero exit code; note that snakemake uses bash strict mode!)

Shutting down, this might take some time.
Exiting because a job execution failed. Look above for error message
Complete log: /home/daruibio/test77/Software/Kscripts/SV_snakemake_pipe/.snakemake/log/2021-06-16T172418.197095.snakemake.log
