Building DAG of jobs...
Using shell: /bin/bash
Provided cores: 1 (use --cores to define parallelism)
Rules claiming more threads will be scaled down.
Job counts:
	count	jobs
	1	all
	1	filter_by_region
	2
Select jobs to execute...

[Fri Jun 18 15:47:21 2021]
rule filter_by_region:
    input: /home/daruibio/test77/Software/Kscripts/SV_snakemake_pipe/data/test.merged_3callers.vcf
    output: /home/daruibio/test77/Software/Kscripts/SV_snakemake_pipe/data/test.merged_3callers_filt.vcf
    log: /home/daruibio/test77/Software/Kscripts/SV_snakemake_pipe/data/log/test.filter_by_region.log
    jobid: 1
    benchmark: /home/daruibio/test77/Software/Kscripts/SV_snakemake_pipe/data/benchmark/test.filter_by_region.tsv
    wildcards: workdir=/home/daruibio/test77/Software/Kscripts/SV_snakemake_pipe/data, sample=test

[Fri Jun 18 15:47:21 2021]
Finished job 1.
1 of 2 steps (50%) done
Select jobs to execute...

[Fri Jun 18 15:47:21 2021]
localrule all:
    input: /home/daruibio/test77/Software/Kscripts/SV_snakemake_pipe/data/test.merged_3callers_filt.vcf
    jobid: 0

[Fri Jun 18 15:47:21 2021]
Finished job 0.
2 of 2 steps (100%) done
Complete log: /home/daruibio/test77/Software/Kscripts/SV_snakemake_pipe/.snakemake/log/2021-06-18T154720.949514.snakemake.log
