Building DAG of jobs...
Using shell: /bin/bash
Provided cores: 16
Rules claiming more threads will be scaled down.
Job counts:
	count	jobs
	1	all
	1	make_minimap2_index
	1	minimap2_alignment
	3
Select jobs to execute...

[Wed Jun 16 10:22:41 2021]
rule make_minimap2_index:
    input: /home/daruibio/test77/Database/references/homo_sapiens/hg38.fa
    output: /home/daruibio/test77/Database/references/homo_sapiens/hg38.mmi
    jobid: 1


[Wed Jun 16 10:22:41 2021]
rule minimap2_alignment:
    input: /home/daruibio/test77/Software/Kscripts/SV_snakemake_pipe/data/test.fastq.gz
    output: /home/daruibio/test77/Software/Kscripts/SV_snakemake_pipe/data/test.minimap2.bam
    log: /home/daruibio/test77/Software/Kscripts/SV_snakemake_pipe/data/log/test.minimap2_alignment.log
    jobid: 2
    benchmark: /home/daruibio/test77/Software/Kscripts/SV_snakemake_pipe/data/benchmark/test.minimap2_alignment.tsv
    wildcards: workdir=/home/daruibio/test77/Software/Kscripts/SV_snakemake_pipe/data, sample=test
    threads: 14

[Wed Jun 16 10:22:41 2021]
Error in rule make_minimap2_index:
    jobid: 1
    output: /home/daruibio/test77/Database/references/homo_sapiens/hg38.mmi
    shell:
        minimap2 -ax map-ont --MD -Y /home/daruibio/test77/Database/references/homo_sapiens/hg38.fa -d /home/daruibio/test77/Database/references/homo_sapiens/hg38.mmi 2> 
        (one of the commands exited with non-zero exit code; note that snakemake uses bash strict mode!)

[Wed Jun 16 10:22:41 2021]
Error in rule minimap2_alignment:
    jobid: 2
    output: /home/daruibio/test77/Software/Kscripts/SV_snakemake_pipe/data/test.minimap2.bam
    log: /home/daruibio/test77/Software/Kscripts/SV_snakemake_pipe/data/log/test.minimap2_alignment.log (check log file(s) for error message)
    shell:
        minimap2 -t 14 -ax map-ont --MD -Y /home/daruibio/test77/Database/references/homo_sapiens/hg38.mmi /home/daruibio/test77/Software/Kscripts/SV_snakemake_pipe/data/test.fastq.gz |         samtools sort -@ 14 -O BAM -o /home/daruibio/test77/Software/Kscripts/SV_snakemake_pipe/data/test.minimap2.bam - &&         samtools index -@ 14 /home/daruibio/test77/Software/Kscripts/SV_snakemake_pipe/data/test.minimap2.bam 2> /home/daruibio/test77/Software/Kscripts/SV_snakemake_pipe/data/log/test.minimap2_alignment.log
        (one of the commands exited with non-zero exit code; note that snakemake uses bash strict mode!)

Shutting down, this might take some time.
Exiting because a job execution failed. Look above for error message
Complete log: /home/daruibio/test77/Software/Kscripts/SV_snakemake_pipe/.snakemake/log/2021-06-16T102240.931585.snakemake.log
