Building DAG of jobs...
Using shell: /bin/bash
Provided cores: 16
Rules claiming more threads will be scaled down.
Job counts:
	count	jobs
	1	all
	1	run_annotsv
	2
Select jobs to execute...

[Fri Jun 18 16:56:26 2021]
rule run_annotsv:
    input: /home/daruibio/test77/Software/Kscripts/SV_snakemake_pipe/data/test.merged_3callers_filt.vcf
    output: /home/daruibio/test77/Software/Kscripts/SV_snakemake_pipe/data/test.merged_3callers_filt.hg38_annotsv.tsv
    log: /home/daruibio/test77/Software/Kscripts/SV_snakemake_pipe/data/log/test.run_annotsv.log
    jobid: 1
    benchmark: /home/daruibio/test77/Software/Kscripts/SV_snakemake_pipe/data/benchmark/test.run_annotsv.tsv
    wildcards: workdir=/home/daruibio/test77/Software/Kscripts/SV_snakemake_pipe/data, sample=test

[Fri Jun 18 16:56:29 2021]
Finished job 1.
1 of 2 steps (50%) done
Select jobs to execute...

[Fri Jun 18 16:56:29 2021]
localrule all:
    input: /home/daruibio/test77/Software/Kscripts/SV_snakemake_pipe/data/test.merged_3callers_filt.hg38_annotsv.tsv
    jobid: 0

[Fri Jun 18 16:56:29 2021]
Finished job 0.
2 of 2 steps (100%) done
Complete log: /home/daruibio/test77/Software/Kscripts/SV_snakemake_pipe/.snakemake/log/2021-06-18T165625.970606.snakemake.log
