Building DAG of jobs...
Using shell: /bin/bash
Provided cores: 16
Rules claiming more threads will be scaled down.
Job counts:
	count	jobs
	1	all
	1	merge_SVs
	1	run_cuteSV
	1	run_svim
	4
Select jobs to execute...

[Thu Jun 17 14:48:08 2021]
rule run_cuteSV:
    input: /home/daruibio/test77/Software/Kscripts/SV_snakemake_pipe/data/test.minimap2.bam, /home/daruibio/test77/Database/references/homo_sapiens/hg38.fa
    output: /home/daruibio/test77/Software/Kscripts/SV_snakemake_pipe/data/test.cutesv.vcf, /home/daruibio/test77/Software/Kscripts/SV_snakemake_pipe/data/test_cutesv_calls
    log: /home/daruibio/test77/Software/Kscripts/SV_snakemake_pipe/data/log/test.cutesv.log
    jobid: 5
    benchmark: /home/daruibio/test77/Software/Kscripts/SV_snakemake_pipe/data/benchmark/test.cutesv.tsv
    wildcards: workdir=/home/daruibio/test77/Software/Kscripts/SV_snakemake_pipe/data, sample=test
    threads: 16

[Thu Jun 17 14:48:31 2021]
Finished job 5.
1 of 4 steps (25%) done
Select jobs to execute...

[Thu Jun 17 14:48:31 2021]
rule run_svim:
    input: /home/daruibio/test77/Software/Kscripts/SV_snakemake_pipe/data/test.minimap2.bam, /home/daruibio/test77/Database/references/homo_sapiens/hg38.fa
    output: /home/daruibio/test77/Software/Kscripts/SV_snakemake_pipe/data/test_svim_calls, /home/daruibio/test77/Software/Kscripts/SV_snakemake_pipe/data/test_svim_calls/variants.vcf
    log: /home/daruibio/test77/Software/Kscripts/SV_snakemake_pipe/data/log/test.svim.log
    jobid: 6
    benchmark: /home/daruibio/test77/Software/Kscripts/SV_snakemake_pipe/data/benchmark/test.svim.tsv
    wildcards: workdir=/home/daruibio/test77/Software/Kscripts/SV_snakemake_pipe/data, sample=test

[Thu Jun 17 14:48:44 2021]
Finished job 6.
2 of 4 steps (50%) done
Select jobs to execute...

[Thu Jun 17 14:48:44 2021]
rule merge_SVs:
    input: /home/daruibio/test77/Software/Kscripts/SV_snakemake_pipe/data/test.sniffles.vcf, /home/daruibio/test77/Software/Kscripts/SV_snakemake_pipe/data/test.cutesv.vcf, /home/daruibio/test77/Software/Kscripts/SV_snakemake_pipe/data/test_svim_calls/variants.vcf
    output: /home/daruibio/test77/Software/Kscripts/SV_snakemake_pipe/data/test.merged_1callers.vcf, /home/daruibio/test77/Software/Kscripts/SV_snakemake_pipe/data/test.merged_2callers.vcf, /home/daruibio/test77/Software/Kscripts/SV_snakemake_pipe/data/test.merged_3callers.vcf, /home/daruibio/test77/Software/Kscripts/SV_snakemake_pipe/data/test_vcf_names
    log: /home/daruibio/test77/Software/Kscripts/SV_snakemake_pipe/data/log/test.merge_SVs.log
    jobid: 1
    benchmark: /home/daruibio/test77/Software/Kscripts/SV_snakemake_pipe/data/benchmark/test.merge_SVs.tsv
    wildcards: workdir=/home/daruibio/test77/Software/Kscripts/SV_snakemake_pipe/data, sample=test

[Thu Jun 17 14:48:46 2021]
Finished job 1.
3 of 4 steps (75%) done
Select jobs to execute...

[Thu Jun 17 14:48:46 2021]
localrule all:
    input: /home/daruibio/test77/Software/Kscripts/SV_snakemake_pipe/data/test.merged_3callers.vcf
    jobid: 0

[Thu Jun 17 14:48:46 2021]
Finished job 0.
4 of 4 steps (100%) done
Complete log: /home/daruibio/test77/Software/Kscripts/SV_snakemake_pipe/.snakemake/log/2021-06-17T144808.367302.snakemake.log
