Building DAG of jobs...
Using shell: /bin/bash
Provided cores: 32
Rules claiming more threads will be scaled down.
Job counts:
	count	jobs
	1	all
	1	minimap2_alignment
	2
Select jobs to execute...

[Tue Jun 15 17:20:47 2021]
rule minimap2_alignment:
    input: /home/daruibio/test77/Software/Kscripts/SV_snakemake_pipe/data/test.fastq.gz
    output: /home/daruibio/test77/Software/Kscripts/SV_snakemake_pipe/data/test.minimap2.bam
    jobid: 2
    wildcards: workdir=/home/daruibio/test77/Software/Kscripts/SV_snakemake_pipe/data, sample=test
    threads: 32

[Tue Jun 15 17:23:05 2021]
Finished job 2.
1 of 2 steps (50%) done
Select jobs to execute...

[Tue Jun 15 17:23:05 2021]
localrule all:
    input: /home/daruibio/test77/Database/references/homo_sapiens/hg38.mmi, /home/daruibio/test77/Software/Kscripts/SV_snakemake_pipe/data/test.minimap2.bam
    jobid: 0

[Tue Jun 15 17:23:05 2021]
Finished job 0.
2 of 2 steps (100%) done
Complete log: /home/daruibio/test77/Software/Kscripts/SV_snakemake_pipe/.snakemake/log/2021-06-15T172046.526051.snakemake.log
