Building DAG of jobs...
Using shell: /bin/bash
Provided cores: 1 (use --cores to define parallelism)
Rules claiming more threads will be scaled down.
Job counts:
	count	jobs
	1	all
	1	minimap2_alignment
	2
Select jobs to execute...

[Fri Jun 11 14:55:24 2021]
rule minimap2_alignment:
    input: test.out
    output: test2.out
    jobid: 2

[Fri Jun 11 14:55:25 2021]
Finished job 2.
1 of 2 steps (50%) done
Select jobs to execute...

[Fri Jun 11 14:55:25 2021]
localrule all:
    input: test.out, test2.out
    jobid: 0

[Fri Jun 11 14:55:25 2021]
Finished job 0.
2 of 2 steps (100%) done
Complete log: /home/daruibio/test77/Software/Kscripts/SV_snakemake_pipe/.snakemake/log/2021-06-11T145524.499984.snakemake.log
