Building DAG of jobs...
Using shell: /bin/bash
Provided cores: 16
Rules claiming more threads will be scaled down.
Job counts:
	count	jobs
	1	all
	1	bam2bed
	1	filter_by_region
	1	minimap2_alignment
	1	run_SURVIVOR
	1	run_annotsv
	1	run_cuteSV
	1	run_sniffles
	1	run_svim
	9
Select jobs to execute...

[Mon Jun 21 15:36:48 2021]
rule minimap2_alignment:
    input: /home/daruibio/test77/Database/references/homo_sapiens/hg38.mmi, /home/daruibio/test77/Software/Kscripts/SV_snakemake_pipe/data/test.fastq.gz
    output: /home/daruibio/test77/Software/Kscripts/SV_snakemake_pipe/data2/test.minimap2.bam
    log: /home/daruibio/test77/Software/Kscripts/SV_snakemake_pipe/data2/log/test.minimap2_alignment.log
    jobid: 5
    benchmark: /home/daruibio/test77/Software/Kscripts/SV_snakemake_pipe/data2/benchmark/test.minimap2_alignment.tsv
    wildcards: workdir=/home/daruibio/test77/Software/Kscripts/SV_snakemake_pipe/data2, sample=test
    threads: 16

Terminating processes on user request, this might take some time.
[Mon Jun 21 15:37:26 2021]
Error in rule minimap2_alignment:
    jobid: 5
    output: /home/daruibio/test77/Software/Kscripts/SV_snakemake_pipe/data2/test.minimap2.bam
    log: /home/daruibio/test77/Software/Kscripts/SV_snakemake_pipe/data2/log/test.minimap2_alignment.log (check log file(s) for error message)
    shell:
        minimap2 -t 16 -ax map-ont --MD -Y /home/daruibio/test77/Database/references/homo_sapiens/hg38.mmi /home/daruibio/test77/Software/Kscripts/SV_snakemake_pipe/data/test.fastq.gz |         samtools sort -@ 16 -O BAM -o /home/daruibio/test77/Software/Kscripts/SV_snakemake_pipe/data2/test.minimap2.bam - &&         samtools index -@ 16 /home/daruibio/test77/Software/Kscripts/SV_snakemake_pipe/data2/test.minimap2.bam 2> /home/daruibio/test77/Software/Kscripts/SV_snakemake_pipe/data2/log/test.minimap2_alignment.log
        (one of the commands exited with non-zero exit code; note that snakemake uses bash strict mode!)

Complete log: /home/daruibio/test77/Software/Kscripts/SV_snakemake_pipe/.snakemake/log/2021-06-21T153648.023081.snakemake.log
