Building DAG of jobs...
Using shell: /bin/bash
Provided cores: 15
Rules claiming more threads will be scaled down.
Job counts:
	count	jobs
	1	all
	1	bam2bed
	1	filter_by_region
	1	minimap2_alignment
	1	run_SURVIVOR
	1	run_annotsv
	1	run_cuteSV
	1	run_sniffles
	1	run_svim
	9
Select jobs to execute...

[Tue Jun 29 15:54:04 2021]
rule minimap2_alignment:
    input: /home/daruibio/test77/Database/references/homo_sapiens/hg38.mmi, data/test.fastq.gz
    output: results/test/minimap2.bam
    log: results/test/log/minimap2_alignment.log
    jobid: 5
    benchmark: results/test/benchmark/minimap2_alignment.tsv
    wildcards: workdir=results, sample=test
    threads: 15

[Tue Jun 29 15:55:27 2021]
Finished job 5.
1 of 9 steps (11%) done
Select jobs to execute...

[Tue Jun 29 15:55:27 2021]
rule run_cuteSV:
    input: results/test/minimap2.bam, /home/daruibio/test77/Database/references/homo_sapiens/hg38.fa
    output: results/test/cutesv.vcf, results/test/cutesv_calls
    log: results/test/log/cutesv.log
    jobid: 7
    benchmark: results/test/benchmark/cutesv.tsv
    wildcards: workdir=results, sample=test
    threads: 15

[Tue Jun 29 15:55:50 2021]
Finished job 7.
2 of 9 steps (22%) done
Select jobs to execute...

[Tue Jun 29 15:55:50 2021]
rule run_sniffles:
    input: results/test/minimap2.bam
    output: results/test/sniffles.vcf
    log: results/test/log/sniffles.log
    jobid: 4
    benchmark: results/test/benchmark/sniffles.tsv
    wildcards: workdir=results, sample=test
    threads: 15

[Tue Jun 29 15:56:14 2021]
Finished job 4.
3 of 9 steps (33%) done
Select jobs to execute...

[Tue Jun 29 15:56:14 2021]
rule run_svim:
    input: results/test/minimap2.bam, /home/daruibio/test77/Database/references/homo_sapiens/hg38.fa
    output: results/test/svim_calls, results/test/svim_calls/variants.vcf
    log: results/test/log/svim.log
    jobid: 8
    benchmark: results/test/benchmark/svim.tsv
    wildcards: workdir=results, sample=test


[Tue Jun 29 15:56:14 2021]
rule bam2bed:
    input: results/test/minimap2.bam
    output: results/test/minimap2.bed
    log: results/test/log/bam2bed.log
    jobid: 9
    benchmark: results/test/benchmark/bam2bed.tsv
    wildcards: workdir=results, sample=test

[Tue Jun 29 15:56:24 2021]
Finished job 9.
4 of 9 steps (44%) done
[Tue Jun 29 15:56:28 2021]
Finished job 8.
5 of 9 steps (56%) done
Select jobs to execute...

[Tue Jun 29 15:56:28 2021]
rule run_SURVIVOR:
    input: results/test/sniffles.vcf, results/test/cutesv.vcf, results/test/svim_calls/variants.vcf
    output: results/test/merged_1callers.vcf, results/test/merged_2callers.vcf, results/test/merged_3callers.vcf, results/test/vcf_names
    log: results/test/log/SURVIVOR.log
    jobid: 3
    benchmark: results/test/benchmark/SURVIVOR.tsv
    wildcards: workdir=results, sample=test

[Tue Jun 29 15:56:29 2021]
Finished job 3.
6 of 9 steps (67%) done
Select jobs to execute...

[Tue Jun 29 15:56:29 2021]
rule filter_by_region:
    input: results/test/merged_3callers.vcf, results/test/minimap2.bed
    output: results/test/merged_3callers_filt.vcf
    log: results/test/log/filter_by_region.log
    jobid: 2
    benchmark: results/test/benchmark/filter_by_region.tsv
    wildcards: workdir=results, sample=test

[Tue Jun 29 15:56:30 2021]
Finished job 2.
7 of 9 steps (78%) done
Select jobs to execute...

[Tue Jun 29 15:56:30 2021]
rule run_annotsv:
    input: results/test/merged_3callers_filt.vcf
    output: results/test/merged_3callers_filt.hg38_annotsv.tsv
    log: results/test/log/run_annotsv.log
    jobid: 1
    benchmark: results/test/benchmark/run_annotsv.tsv
    wildcards: workdir=results, sample=test

[Tue Jun 29 15:56:34 2021]
Finished job 1.
8 of 9 steps (89%) done
Select jobs to execute...

[Tue Jun 29 15:56:34 2021]
localrule all:
    input: results/test/merged_3callers_filt.hg38_annotsv.tsv
    jobid: 0

[Tue Jun 29 15:56:34 2021]
Finished job 0.
9 of 9 steps (100%) done
Complete log: /home/daruibio/test77/Software/Kscripts/SV_snakemake_pipe/.snakemake/log/2021-06-29T155404.474599.snakemake.log
