Building DAG of jobs...
Using shell: /bin/bash
Provided cores: 15
Rules claiming more threads will be scaled down.
Job counts:
	count	jobs
	1	SURVIVOR_lowMQ
	1	all
	1	filter_by_region
	1	remake_vcf
	1	run_annotsv
	5
Select jobs to execute...

[Fri Jul 16 11:33:55 2021]
rule SURVIVOR_lowMQ:
    input: results/test/minimap2.bam
    output: results/test/lowMQ.sam, results/test/lowMQ.bam, results/test/lowMQ.cov, results/test/lowMQ.bed
    log: results/test/log/SURVIVOR_lowMQ.log
    jobid: 11
    benchmark: results/test/benchmark/SURVIVOR_lowMQ.tsv
    wildcards: workdir=results, sample=test
    threads: 15

Removing temporary output file results/test/lowMQ.sam.
Removing temporary output file results/test/lowMQ.bam.
Removing temporary output file results/test/lowMQ.cov.
[Fri Jul 16 11:34:03 2021]
Finished job 11.
1 of 5 steps (20%) done
Select jobs to execute...

[Fri Jul 16 11:34:03 2021]
rule filter_by_region:
    input: results/test/merged_2callers.vcf, results/test/minimap2.bed, results/test/lowMQ.bed
    output: results/test/merged_2callers_filt.vcf
    log: results/test/log/filter_by_region.log
    jobid: 3
    benchmark: results/test/benchmark/filter_by_region.tsv
    wildcards: workdir=results, sample=test

[Fri Jul 16 11:34:04 2021]
Finished job 3.
2 of 5 steps (40%) done
Select jobs to execute...

[Fri Jul 16 11:34:04 2021]
rule remake_vcf:
    input: results/test/merged_2callers_filt.vcf
    output: results/test/merged_2callers_remake.vcf
    log: results/test/log/remake_vcf.log
    jobid: 2
    benchmark: results/test/benchmark/remake_vcf.tsv
    wildcards: workdir=results, sample=test

[Fri Jul 16 11:34:04 2021]
Error in rule remake_vcf:
    jobid: 2
    output: results/test/merged_2callers_remake.vcf
    log: results/test/log/remake_vcf.log (check log file(s) for error message)

RuleException:
CalledProcessError in line 216 of /home/daruibio/test77/Software/Kscripts/SV_snakemake_pipe/Snakefile:
Command 'set -euo pipefail;  /home/daruibio/test77/miniconda3/envs/biosoft_py37/bin/python3.7 /home/daruibio/test77/Software/Kscripts/SV_snakemake_pipe/.snakemake/scripts/tmp7889j879.remake_SVs_vcf.py' returned non-zero exit status 1.
  File "/home/daruibio/test77/miniconda3/envs/biosoft_py37/lib/python3.7/site-packages/snakemake/executors/__init__.py", line 2322, in run_wrapper
  File "/home/daruibio/test77/Software/Kscripts/SV_snakemake_pipe/Snakefile", line 216, in __rule_remake_vcf
  File "/home/daruibio/test77/miniconda3/envs/biosoft_py37/lib/python3.7/site-packages/snakemake/executors/__init__.py", line 574, in _callback
  File "/home/daruibio/test77/miniconda3/envs/biosoft_py37/lib/python3.7/concurrent/futures/thread.py", line 57, in run
  File "/home/daruibio/test77/miniconda3/envs/biosoft_py37/lib/python3.7/site-packages/snakemake/executors/__init__.py", line 560, in cached_or_run
  File "/home/daruibio/test77/miniconda3/envs/biosoft_py37/lib/python3.7/site-packages/snakemake/executors/__init__.py", line 2392, in run_wrapper
Shutting down, this might take some time.
Exiting because a job execution failed. Look above for error message
Complete log: /home/daruibio/test77/Software/Kscripts/SV_snakemake_pipe/.snakemake/log/2021-07-16T113354.878989.snakemake.log
